Method 'SystemVoidCosmosSystemKernelStart', ID = '0'
Method 'SystemVoidSystemNotSupportedExceptionctorSystemString', ID = '2'
Method 'SystemBooleanSystemStringop_EqualitySystemStringSystemString', ID = '22'
Method 'SystemStringCosmosIL2CPUILCustomImplementationsSystemEnvironmentImplGetResourceFromDefaultSystemString', ID = '24'
Method 'SystemInt32CosmosCorePlugsSystemArrayImplGetLengthSystemInt32', ID = '28'
Method 'SystemBooleanCosmosCorePlugsSystemArrayImplTrySZIndexOfSystemUInt32SystemUInt32SystemUInt32SystemUInt32SystemUInt32', ID = '31'
Method 'SystemVoidSystemNotImplementedExceptionctorSystemString', ID = '34'
Method 'SystemVoidSystemArgumentNullExceptionctorSystemString', ID = '42'
Method 'SystemStringCosmosIL2CPUCustomImplementationSystemStringImplFormatHelperSystemIFormatProviderSystemStringSystemObjectarray', ID = '43'
Method 'SystemVoidSystemNotImplementedExceptionctor', ID = '46'
Method 'SystemStringCosmosIL2CPUCustomImplementationSystemStringImplConcatSystemStringarray', ID = '47'
Method 'SystemStringCosmosIL2CPUCustomImplementationSystemStringImplConcatSystemStringSystemString', ID = '49'
Method 'SystemStringCosmosIL2CPUCustomImplementationSystemStringImplConcatSystemStringSystemStringSystemString', ID = '50'
Method 'SystemStringCosmosIL2CPUCustomImplementationSystemStringImplConcatArraySystemStringarraySystemInt32', ID = '53'
Method 'SystemInt32CosmosIL2CPUCustomImplementationSystemStringImplboyerMooreHorsepoolSystemStringSystemString', ID = '58'
Method 'SystemBooleanCosmosIL2CPUCustomImplementationSystemStringImplEndsWithSystemStringSystemStringComparison', ID = '61'
Method 'SystemStringSystemStringToLower', ID = '62'
Method 'SystemBooleanCosmosIL2CPUCustomImplementationSystemStringImplEqualsHelperSystemStringSystemString', ID = '63'
Method 'SystemInt32CosmosIL2CPUCustomImplementationSystemStringImplIndexOfSystemCharSystemInt32SystemInt32', ID = '66'
Method 'SystemInt32CosmosIL2CPUCustomImplementationSystemStringImplLastIndexOfAnySystemChararraySystemInt32SystemInt32', ID = '69'
Method 'SystemBooleanCosmosIL2CPUCustomImplementationSystemStringImplCharArrayContainsCharSystemChararraySystemChar', ID = '70'
Method 'SystemStringCosmosIL2CPUCustomImplementationSystemStringImplChangeCasingSystemStringSystemInt32SystemInt32SystemInt32', ID = '73'
Method 'SystemUInt32CosmosCoreHeapMemAllocSystemUInt32', ID = '75'
Method 'SystemBytearraySystemBitConverterGetBytesSystemSingle', ID = '84'
Method 'SystemInt32SystemBitConverterToInt32SystemBytearraySystemInt32', ID = '85'
Method 'SystemStringCosmosCommonStringHelperGetNumberStringSystemUInt32SystemBoolean', ID = '89'
Method 'SystemVoidSystemArgumentOutOfRangeExceptionctorSystemString', ID = '90'
Method 'SystemBytearraySystemBitConverterGetBytesSystemDouble', ID = '96'
Method 'SystemInt64SystemBitConverterToInt64SystemBytearraySystemInt32', ID = '97'
Method 'SystemStringCosmosCommonStringHelperGetNumberStringSystemInt32', ID = '101'
Method 'SystemInt32SystemStringIndexOfSystemChar', ID = '104'
Method 'SystemVoidSystemFormatExceptionctor', ID = '107'
Method 'SystemStringCosmosSystemPlugsSystemInt64Impl2GetNumberStringSystemInt64', ID = '109'
Method 'SystemDoubleCosmosSystemPlugsSystemRandomImplGetUniform', ID = '114'
Method 'CosmosSystemConsoleCosmosSystemPlugsSystemConsoleImplGetConsole', ID = '119'
Method 'SystemVoidCosmosSystemConsoleset_BackgroundSystemConsoleColor', ID = '120'
Method 'SystemVoidCosmosSystemPlugsSystemConsoleImplWriteLineSystemString', ID = '121'
Method 'SystemInt32CosmosSystemConsoleget_X', ID = '122'
Method 'SystemVoidCosmosSystemConsoleset_XSystemInt32', ID = '123'
Method 'SystemInt32CosmosSystemConsoleget_CursorSize', ID = '124'
Method 'SystemVoidCosmosSystemConsoleset_CursorSizeSystemInt32', ID = '125'
Method 'SystemInt32CosmosSystemConsoleget_Y', ID = '126'
Method 'SystemVoidCosmosSystemConsoleset_YSystemInt32', ID = '127'
Method 'SystemVoidCosmosSystemConsoleset_CursorVisibleSystemBoolean', ID = '128'
Method 'SystemVoidCosmosSystemConsoleset_ForegroundSystemConsoleColor', ID = '130'
Method 'SystemInt32CosmosSystemConsoleget_Rows', ID = '132'
Method 'SystemInt32CosmosSystemConsoleget_Cols', ID = '133'
Method 'SystemVoidCosmosSystemConsoleClear', ID = '134'
Method 'SystemBooleanCosmosHALKeyboardTryReadKeyCosmosHALKeyEvent', ID = '137'
Method 'SystemCharCosmosHALKeyEventget_KeyChar', ID = '138'
Method 'CosmosHALKeyEventCosmosHALKeyboardReadKey', ID = '140'
Method 'SystemVoidCosmosSystemPlugsSystemConsoleImplWriteSystemChar', ID = '141'
Method 'SystemVoidSystemCollectionsGenericList1SystemCharctorSystemInt32', ID = '142'
Method 'CosmosHALConsoleKeyExCosmosHALKeyEventget_Key', ID = '143'
Method 'SystemVoidSystemCollectionsGenericList1SystemCharRemoveAtSystemInt32', ID = '144'
Method 'SystemCharSystemCollectionsGenericList1SystemCharget_ItemSystemInt32', ID = '145'
Method 'SystemInt32SystemCollectionsGenericList1SystemCharget_Count', ID = '146'
Method 'SystemVoidSystemCollectionsGenericList1SystemCharAddSystemChar', ID = '147'
Method 'SystemVoidSystemCollectionsGenericList1SystemCharctor', ID = '148'
Method 'SystemVoidCosmosSystemPlugsSystemConsoleImplWriteLine', ID = '149'
Method 'SystemChararraySystemCollectionsGenericList1SystemCharToArray', ID = '150'
Method 'SystemStringSystemBooleanToString', ID = '151'
Method 'SystemVoidCosmosSystemPlugsSystemConsoleImplWriteSystemString', ID = '152'
Method 'SystemVoidCosmosSystemConsoleWriteCharSystemChar', ID = '153'
Method 'SystemVoidCosmosSystemPlugsSystemConsoleImplWriteSystemChararraySystemInt32SystemInt32', ID = '154'
Method 'SystemVoidCosmosSystemConsoleWriteSystemString', ID = '159'
Method 'SystemVoidSystemArgumentExceptionctor', ID = '160'
Method 'SystemVoidCosmosSystemConsoleNewLine', ID = '161'
Method 'SystemDoubleCosmosSystemPlugsSystemMathImplAsinSystemDouble', ID = '162'
Method 'SystemDoubleCosmosSystemPlugsSystemMathImplSqrtSystemDouble', ID = '163'
Method 'SystemDoubleCosmosSystemPlugsSystemMathImplAtanSystemDouble', ID = '164'
Method 'SystemDoubleCosmosSystemPlugsSystemMathImplatansSystemDouble', ID = '165'
Method 'SystemDoubleCosmosSystemPlugsSystemMathImplExpSystemDouble', ID = '166'
Method 'SystemDoubleCosmosSystemPlugsSystemMathImpl_powerSystemDoubleSystemInt32', ID = '167'
Method 'SystemDoubleCosmosSystemPlugsSystemMathImplLogSystemDoubleSystemDouble', ID = '168'
Method 'SystemDoubleCosmosSystemPlugsSystemMathImplFloorSystemDouble', ID = '169'
Method 'SystemDoubleCosmosSystemPlugsSystemMathImplLogSystemDouble', ID = '170'
Method 'SystemDoubleCosmosSystemPlugsSystemMathImplCosSystemDouble', ID = '173'
Method 'SystemDoubleCosmosSystemPlugsSystemMathImplTanhSystemDouble', ID = '174'
Method 'SystemDoubleCosmosSystemPlugsSystemMathImplexpm1SystemDouble', ID = '175'
Method 'SystemDoubleCosmosSystemPlugsSystemMathImplCeilingSystemDouble', ID = '176'
Method 'SystemStringCosmosSystemPlugsSystemUInt64Impl2GetNumberStringSystemUInt64SystemBoolean', ID = '179'
Method 'SystemBooleanCosmosSystemFileSystemVFSVFSManagerDirectoryExistsSystemString', ID = '185'
Method 'SystemVoidSystemArgumentExceptionctorSystemStringSystemString', ID = '187'
Method 'CosmosSystemFileSystemListingDirectoryEntryCosmosSystemFileSystemVFSVFSManagerCreateDirectorySystemString', ID = '188'
Method 'SystemVoidSystemCollectionsGenericList1SystemStringctor', ID = '192'
Method 'SystemCollectionsGenericList1CosmosSystemFileSystemListingDirectoryEntryCosmosSystemFileSystemVFSVFSManagerGetDirectoryListingSystemString', ID = '193'
Method 'CosmosSystemFileSystemListingDirectoryEntrySystemCollectionsGenericList1CosmosSystemFileSystemListingDirectoryEntryget_ItemSystemInt32', ID = '194'
Method 'SystemVoidSystemCollectionsGenericList1SystemStringAddSystemString', ID = '196'
Method 'SystemInt32SystemCollectionsGenericList1CosmosSystemFileSystemListingDirectoryEntryget_Count', ID = '197'
Method 'SystemStringarraySystemCollectionsGenericList1SystemStringToArray', ID = '198'
Method 'SystemVoidSystemIODirectoryNotFoundExceptionctorSystemString', ID = '200'
Method 'CosmosSystemFileSystemListingDirectoryEntryCosmosSystemFileSystemVFSVFSManagerGetDirectorySystemString', ID = '201'
Method 'SystemStringCosmosSystemFileSystemVFSVFSManagerGetFullPathCosmosSystemFileSystemListingDirectoryEntry', ID = '202'
Method 'SystemVoidSystemArgumentOutOfRangeExceptionctorSystemStringSystemString', ID = '207'
Method 'SystemBooleanCosmosSystemFileSystemVFSVFSManagerFileExistsSystemString', ID = '210'
Method 'SystemStringCosmosCommonExtensionsByteConverterGetUtf8StringSystemBytearraySystemUInt32SystemUInt32', ID = '214'
Method 'SystemBytearrayCosmosCommonExtensionsByteConverterGetUtf8BytesSystemStringSystemUInt32SystemUInt32', ID = '216'
Method 'CosmosSystemFileSystemListingDirectoryEntryCosmosSystemFileSystemVFSVFSManagerCreateFileSystemString', ID = '219'
Method 'SystemIOStreamCosmosSystemPlugsSystemIOFileStreamImplInitializeStreamSystemStringSystemIOFileMode', ID = '223'
Method 'SystemVoidSystemIOStreamDispose', ID = '225'
Method 'SystemCharCosmosSystemFileSystemVFSVFSManagerGetAltDirectorySeparatorChar', ID = '232'
Method 'SystemCharCosmosSystemFileSystemVFSVFSManagerGetDirectorySeparatorChar', ID = '233'
Method 'SystemCharCosmosSystemFileSystemVFSVFSManagerGetVolumeSeparatorChar', ID = '234'
Method 'SystemVoidCosmosSystemPlugsSystemIOPathImplCheckInvalidPathCharsSystemStringSystemBoolean', ID = '235'
Method 'SystemBooleanCosmosSystemPlugsSystemIOPathImplHasIllegalCharactersSystemStringSystemBoolean', ID = '240'
Method 'SystemInt32SystemStringIndexOfSystemStringSystemStringComparison', ID = '241'
Method 'SystemStringCosmosSystemPlugsSystemIOPathImplCombineNoChecksSystemStringSystemString', ID = '242'
Method 'SystemBooleanCosmosSystemPlugsSystemIOPathImplIsPathRootedSystemString', ID = '243'
Method 'SystemStringCosmosSystemPlugsSystemIOPathImplNormalizePathSystemStringSystemBoolean', ID = '244'
Method 'SystemInt32CosmosSystemPlugsSystemIOPathImplGetRootLengthSystemString', ID = '245'
Method 'SystemStringCosmosSystemPlugsSystemIOPathImplGetFileNameSystemString', ID = '246'
Method 'SystemInt32SystemStringLastIndexOfSystemChar', ID = '247'
Method 'SystemChararrayCosmosSystemFileSystemVFSVFSManagerGetInvalidFileNameChars', ID = '248'
Method 'SystemChararrayCosmosSystemFileSystemVFSVFSManagerGetRealInvalidPathChars', ID = '249'
Method 'SystemBooleanCosmosSystemPlugsSystemIOPathImplIsDirectorySeparatorSystemChar', ID = '251'
Method 'SystemChararrayCosmosSystemFileSystemVFSVFSManagerGetInvalidPathCharsWithAdditionalChecks', ID = '252'
Method 'SystemBooleanCosmosSystemPlugsSystemIOPathImplIsRelativeSystemString', ID = '253'
Method 'SystemStringSystemStringRemoveSystemInt32', ID = '255'
Method 'SystemVoidCosmosIL2CPURuntimeEngineInitializeApplication', ID = '259'
Method 'SystemVoidCosmosIL2CPURuntimeEngineFinalizeApplicationSystemInt32', ID = '260'
Method 'SystemVoidCosmosIL2CPUVTablesImplSetMethodInfoSystemInt32SystemInt32SystemInt32SystemInt32SystemChararray', ID = '261'
Method 'SystemBooleanCosmosIL2CPUVTablesImplIsInstanceSystemUInt32SystemUInt32', ID = '262'
Method 'SystemVoidCosmosIL2CPUVTablesImplSetTypeInfoSystemInt32SystemUInt32SystemInt32arraySystemInt32arraySystemInt32', ID = '263'
Method 'SystemInt32CosmosIL2CPUVTablesImplGetMethodAddressForTypeSystemUInt32SystemUInt32', ID = '264'
Method 'SystemVoidCosmosIL2CPUExceptionHelperThrowNotImplementedSystemString', ID = '267'
Method 'SystemVoidCosmosIL2CPUExceptionHelperThrowOverflow', ID = '268'
Method 'SystemVoidSystemArrayctor', ID = '269'
Method 'SystemVoidSystemThrowHelperThrowInvalidOperationExceptionSystemExceptionResource', ID = '270'
Method 'SystemDelegatearraySystemMulticastDelegateGetInvocationList', ID = '271'
Method 'SystemVoidm4lKernelctor', ID = '273'
Method 'SystemVoidCosmosDebugKernelDebuggerSendSystemString', ID = '277'
Method 'SystemVoidCosmosHALBootstrapInit', ID = '278'
Method 'CosmosHALTextScreenBaseCosmosSystemKernelGetTextScreen', ID = '279'
Method 'CosmosHALKeyboardCosmosSystemKernelGetKeyboard', ID = '280'
Method 'SystemVoidCosmosSystemGlobalInitCosmosHALTextScreenBaseCosmosHALKeyboard', ID = '281'
Method 'SystemVoidCosmosSystemKernelBeforeRun', ID = '282'
Method 'SystemVoidCosmosHALGlobalEnableInterrupts', ID = '283'
Method 'SystemVoidCosmosSystemKernelAfterRun', ID = '285'
Method 'SystemVoidSystemSystemExceptionctorSystemString', ID = '288'
Method 'SystemVoidSystemExceptionSetErrorCodeSystemInt32', ID = '289'
Method 'SystemUInt32CosmosCorePlugsGCImplementionImplAllocNewObjectSystemUInt32', ID = '292'
Method 'SystemVoidSystemBooleancctor', ID = '293'
Method 'SystemVoidSystemExceptioncctor', ID = '294'
Method 'SystemStringCosmosIL2CPUX86PlugsCustomImplementationsSystemExceptionImplget_MessageSystemString', ID = '295'
Method 'SystemBooleanSystemStringEqualsSystemStringSystemString', ID = '296'
Method 'SystemInt32CosmosCorePlugsSystemArrayImplget_Length', ID = '299'
Method 'SystemVoidCosmosDebugKernelPlugsDebuggerDoSendSystemString', ID = '301'
Method 'SystemVoidSystemFormatExceptionctorSystemString', ID = '308'
Method 'SystemInt32CosmosCommonStringHelperGetStringToNumberSystemString', ID = '309'
Method 'SystemStringSystemValueTypeToString', ID = '315'
Method 'SystemStringSystemGlobalizationCultureInfoToString', ID = '319'
Method 'SystemStringSystemIODirectoryInfoToString', ID = '324'
Method 'SystemStringSystemIODriveInfoToString', ID = '325'
Method 'SystemStringCosmosIL2CPUCustomImplementationSystemObjectImplToString', ID = '329'
Method 'SystemInt32CosmosIL2CPUCustomImplementationSystemStringImplget_LengthSystemInt32', ID = '330'
Method 'SystemCharCosmosIL2CPUCustomImplementationSystemStringImplget_CharsSystemInt32', ID = '331'
Method 'SystemVoidCosmosIL2CPUCustomImplementationSystemStringImplCtorSystemChararraySystemInt32SystemChar', ID = '332'
Method 'SystemStringCosmosIL2CPUCustomImplementationSystemStringImplSubstringSystemInt32SystemInt32', ID = '333'
Method 'SystemInt32arrayCosmosIL2CPUCustomImplementationSystemStringImplBuildBadCharTableSystemChararray', ID = '334'
Method 'SystemInt32CosmosIL2CPUCustomImplementationSystemStringImplIndexOfSystemString', ID = '335'
Method 'SystemInt32CosmosIL2CPUCustomImplementationSystemStringImplCompareToSystemString', ID = '339'
Method 'SystemInt32CosmosIL2CPUCustomImplementationSystemStringImplIndexOfSystemStringSystemInt32SystemInt32SystemStringComparison', ID = '340'
Method 'SystemStringCosmosIL2CPUCustomImplementationSystemStringImplSubstringSystemInt32', ID = '341'
Method 'SystemStringCosmosIL2CPUCustomImplementationSystemStringImplRemoveSystemInt32SystemInt32', ID = '342'
Method 'SystemStringCosmosIL2CPUCustomImplementationSystemStringImplInsertSystemInt32SystemString', ID = '343'
Method 'SystemVoidCosmosCoreHeapDebugAndHaltSystemString', ID = '345'
Method 'SystemBooleanCosmosCoreCPUDisableInterrupts', ID = '346'
Method 'SystemVoidCosmosCoreHeapEnsureIsInitialized', ID = '347'
Method 'CosmosCoreGlobalInformationTableCosmosCoreGlobalSystemInfoget_GlobalInformationTable', ID = '349'
Method 'SystemVoidCosmosCoreHeapDebugHexSystemStringSystemUInt32', ID = '351'
Method 'SystemBooleanCosmosCoreHeapScanDataLookupTableSystemUInt32CosmosCoreDataLookupTableSystemUInt32SystemUInt32', ID = '352'
Method 'SystemVoidCosmosCoreHeapDebugSystemString', ID = '356'
Method 'CosmosCoreDataLookupEntryCosmosCoreDataLookupTableGetEntrySystemUInt32', ID = '357'
Method 'SystemUInt32CosmosCoreGlobalSystemInfoget_TotalDataLookupTableSize', ID = '359'
Method 'SystemVoidCosmosCoreHeapClearMemorySystemVoidSystemUInt32', ID = '360'
Method 'SystemVoidCosmosCoreCPUEnableInterrupts', ID = '361'
Method 'SystemVoidCosmosCorePlugsSystemBufferImplBlockCopySystemArraySystemInt32SystemArraySystemInt32SystemInt32', ID = '363'
Method 'SystemStringCosmosSystemPlugsSystemInt32ImplToString', ID = '364'
Method 'SystemBytearraySystemBitConverterGetBytesSystemInt32', ID = '366'
Method 'SystemVoidSystemThrowHelperThrowArgumentNullExceptionSystemExceptionArgument', ID = '367'
Method 'SystemVoidSystemThrowHelperThrowArgumentOutOfRangeExceptionSystemExceptionArgumentSystemExceptionResource', ID = '368'
Method 'SystemVoidSystemThrowHelperThrowArgumentExceptionSystemExceptionResource', ID = '369'
Method 'SystemStringCosmosSystemPlugsSystemUInt32ImplToString', ID = '371'
Method 'SystemChararrayCosmosIL2CPUCustomImplementationSystemStringImplToCharArray', ID = '372'
Method 'SystemStringSystemArgumentOutOfRangeExceptionget_RangeMessage', ID = '376'
Method 'SystemVoidCosmosIL2CPUX86PlugsCustomImplementationsSystemExceptionImplCtorSystemStringSystemString', ID = '377'
Method 'SystemBytearraySystemBitConverterGetBytesSystemInt64', ID = '378'
Method 'SystemStringCosmosSystemPlugsSystemUInt64ImplToString', ID = '379'
Method 'SystemVoidSystemDoublecctor', ID = '384'
Method 'SystemByteCosmosHALRTCget_Second', ID = '386'
Method 'SystemVoidCosmosSystemPlugsSystemConsoleImplcctor', ID = '387'
Method 'SystemConsoleColorCosmosSystemConsoleget_Foreground', ID = '391'
Method 'SystemVoidCosmosSystemConsoleUpdateCursor', ID = '393'
Method 'SystemVoidSystemArgumentOutOfRangeExceptionctorSystemStringSystemObjectSystemString', ID = '396'
Method 'SystemConsoleColorCosmosSystemConsoleget_Background', ID = '399'
Method 'SystemVoidCosmosHALGlobalcctor', ID = '403'
Method 'SystemInt32SystemCollectionsGenericQueue1CosmosHALKeyEventget_Count', ID = '407'
Method 'CosmosHALKeyEventSystemCollectionsGenericQueue1CosmosHALKeyEventDequeue', ID = '408'
Method 'CosmosCoreCPUCosmosCoreGlobalget_CPU', ID = '409'
Method 'SystemVoidSystemThrowHelperThrowArgumentOutOfRangeException', ID = '414'
Method 'SystemVoidSystemArrayCopySystemArraySystemInt32SystemArraySystemInt32SystemInt32', ID = '415'
Method 'SystemVoidSystemCollectionsGenericList1SystemCharEnsureCapacitySystemInt32', ID = '416'
Method 'SystemStringCosmosSystemPlugsSystemDoubleImplToString', ID = '418'
Method 'SystemStringCosmosSystemPlugsSystemSingleImplToString', ID = '419'
Method 'SystemStringCosmosSystemPlugsSystemInt64ImplToString', ID = '420'
Method 'SystemDoubleCosmosSystemPlugsSystemMathImplatanxSystemDouble', ID = '424'
Method 'SystemVoidCosmosIL2CPUCustomImplementationSystemObjectImplCtor', ID = '427'
Method 'SystemVoidCosmosSystemPlugsSystemIODirectoryImplcctor', ID = '428'
Method 'SystemBooleanSystemStringIsNullOrEmptySystemString', ID = '430'
Method 'SystemVoidCosmosSystemPlugsSystemIODirectoryInfoImplCtorSystemStringCosmosSystemFileSystemListingDirectoryEntrySystemStringSystemString', ID = '433'
Method 'SystemStringCosmosSystemPlugsSystemIOPathImplGetFullPathSystemString', ID = '434'
Method 'SystemStringCosmosSystemPlugsSystemIOPathImplGetDirectoryNameSystemString', ID = '435'
Method 'SystemVoidSystemCollectionsGenericList1SystemStringEnsureCapacitySystemInt32', ID = '440'
Method 'SystemVoidSystemIOIOExceptionctorSystemString', ID = '442'
Method 'SystemIODirectoryInfoCosmosSystemPlugsSystemIODirectoryImplGetParentSystemString', ID = '445'
Method 'SystemStringCosmosSystemPlugsSystemIOPathImplGetPathRootSystemString', ID = '446'
Method 'CosmosSystemFileSystemListingDirectoryEntryCosmosSystemFileSystemVFSVFSManagerGetFileSystemString', ID = '447'
Method 'SystemVoidCosmosSystemPlugsSystemIOFileStreamImplCtorSystemStringSystemIOFileModeSystemIOStream', ID = '448'
Method 'SystemIOStreamCosmosSystemFileSystemVFSVFSManagerGetFileStreamSystemString', ID = '457'
Method 'SystemVoidSystemIOStreamClose', ID = '459'
Method 'SystemVoidCosmosIL2CPUX86PlugsCustomImplementationsSystemRuntimeCompilerServicesRuntimeHelpersImplInitializeArraySystemArraySystemRuntimeFieldHandle', ID = '470'
Method 'SystemStringCosmosSystemPlugsSystemCharImplToString', ID = '472'
Method 'SystemStringCosmosSystemPlugsSystemIODirectoryImplGetCurrentDirectory', ID = '474'
Method 'SystemVoidCosmosIL2CPURuntimeEngineInitializeEngine', ID = '477'
Method 'SystemVoidCosmosIL2CPURuntimeEngineHeap_Initialize', ID = '478'
Method 'SystemVoidCosmosIL2CPURuntimeEngineFinalizeEngine', ID = '479'
Method 'SystemVoidCosmosIL2CPURuntimeEngineExitProcessSystemInt32', ID = '480'
Method 'SystemVoidCosmosIL2CPUVTablesImplDebugSystemString', ID = '484'
Method 'SystemVoidCosmosIL2CPUVTablesImplDebugHexSystemStringSystemUInt32', ID = '485'
Method 'SystemVoidCosmosIL2CPUVTablesImplDebugAndHaltSystemString', ID = '486'
Method 'SystemVoidCosmosCorePlugsGCImplementionImplIncRefCountSystemUInt32', ID = '488'
Method 'SystemVoidCosmosCorePlugsGCImplementionImplDecRefCountSystemUInt32', ID = '489'
Method 'SystemVoidSystemOverflowExceptionctorSystemString', ID = '491'
Method 'SystemStringSystemThrowHelperGetResourceNameSystemExceptionResource', ID = '494'
Method 'SystemVoidSystemInvalidOperationExceptionctorSystemString', ID = '495'
Method 'SystemDelegatearraySystemDelegateGetInvocationList', ID = '497'
Method 'SystemInt32SystemIntPtrop_ExplicitSystemIntPtr', ID = '498'
Method 'SystemVoidCosmosSystemKernelctor', ID = '500'
Method 'SystemVoidCosmosSystemGlobalcctor', ID = '501'
Method 'SystemVoidCosmosCoreBootstrapInit', ID = '503'
Method 'SystemVoidCosmosSystemConsolectorCosmosHALTextScreenBase', ID = '505'
Method 'SystemVoidCosmosHALGlobalInitCosmosHALTextScreenBaseCosmosHALKeyboard', ID = '506'
Method 'SystemVoidCosmosSystemGlobalset_NumLockSystemBoolean', ID = '507'
Method 'SystemVoidCosmosSystemGlobalset_CapsLockSystemBoolean', ID = '508'
Method 'SystemVoidCosmosSystemGlobalset_ScrollLockSystemBoolean', ID = '509'
Method 'SystemVoidm4lKernelBeforeRun', ID = '510'
Method 'SystemVoidm4lKernelRun', ID = '511'
Method 'SystemVoidSystemExceptionset_HResultSystemInt32', ID = '512'
Method 'SystemVoidCosmosSystemPlugsSystemTypeImplCCtor', ID = '520'
Method 'SystemVoidCosmosSystemPlugsSystemCharImplCctor', ID = '521'
Method 'SystemStringSystemArgumentExceptionget_Message', ID = '522'
Method 'SystemStringCosmosIL2CPUILCustomImplementationsSystemEnvironmentImplGetResourceStringSystemString', ID = '524'
Method 'SystemBooleanSystemStringIsNullOrWhiteSpaceSystemString', ID = '525'
Method 'SystemBooleanCosmosSystemPlugsSystemCharImplIsDigitSystemChar', ID = '527'
Method 'SystemStringCosmosIL2CPUCustomImplementationSystemStringImplConcatSystemObjectSystemObject', ID = '528'
Method 'SystemVoidSystemConsolecctor', ID = '529'
Method 'SystemStringCosmosSystemPlugsSystemIntPtrImplToString', ID = '530'
Method 'SystemStringCosmosIL2CPUCustomImplementationSystemStringImplToString', ID = '531'
Method 'SystemStringCosmosIL2CPUX86PlugsCustomImplementationsSystemExceptionImplToString', ID = '533'
Method 'SystemStringCosmosSystemPlugsSystemTypeImplToString', ID = '534'
Method 'SystemStringCosmosSystemPlugsSystemEnumImplToString', ID = '535'
Method 'SystemStringCosmosSystemPlugsSystemUInt16ImplToString', ID = '536'
Method 'SystemStringCosmosSystemPlugsSystemByteImplToString', ID = '537'
Method 'SystemStringCosmosSystemPlugsSystemInt16ImplToString', ID = '538'
Method 'SystemStringCosmosSystemPlugsSystemUIntPtrImplToString', ID = '539'
Method 'SystemStringSystemIOFileSystemInfoget_DisplayPath', ID = '540'
Method 'SystemStringSystemIODriveInfoget_Name', ID = '541'
Method 'SystemStringCosmosSystemPlugsSystemIOFileInfoImplToString', ID = '542'
Method 'SystemStringCosmosSystemPlugsSystemNetIPAddressImplToString', ID = '543'
Method 'SystemStringCosmosSystemPlugsSystemNetSocketAddressImplToString', ID = '544'
Method 'SystemVoidCosmosIL2CPUCustomImplementationSystemGlobalizationCultureInfoImplCCtor', ID = '546'
Method 'SystemGlobalizationCultureInfoCosmosIL2CPUCustomImplementationSystemGlobalizationCultureInfoImplget_CurrentCulture', ID = '547'
Method 'SystemStringCosmosIL2CPUCustomImplementationSystemStringImplToLowerSystemGlobalizationCultureInfo', ID = '548'
Method 'SystemVoidCosmosCoreHeapcctor', ID = '549'
Method 'SystemVoidCosmosCoreHeapDoInitializeSystemUInt32', ID = '554'
Method 'SystemVoidCosmosCoreGlobalSystemInfoEnsureInitialized', ID = '557'
Method 'SystemUInt32CosmosCorePlugsCPUImplGetEndOfKernel', ID = '561'
Method 'SystemVoidSystemBitConvertercctor', ID = '567'
Method 'SystemStringSystemThrowHelperGetArgumentNameSystemExceptionArgument', ID = '569'
Method 'SystemBooleanSystemCompatibilitySwitchesget_IsAppEarlierThanWindowsPhone8', ID = '570'
Method 'SystemVoidSystemArgumentExceptionctorSystemString', ID = '571'
Method 'SystemVoidCosmosIL2CPUCustomImplementationSystemStringImplCtorSystemChararraySystemInt32SystemInt32SystemInt32SystemChar', ID = '573'
Method 'SystemStringSystemArgumentOutOfRangeExceptionget_Message', ID = '574'
Method 'SystemVoidCosmosSystemPlugsSystemEnumImplCctor', ID = '577'
Method 'SystemDoubleSystemBitConverterInt64BitsToDoubleSystemInt64', ID = '578'
Method 'SystemVoidCosmosHALRTCWaitForReady', ID = '581'
Method 'SystemVoidCosmosCoreIOPortset_ByteSystemByte', ID = '584'
Method 'SystemByteCosmosCoreIOPortget_Byte', ID = '586'
Method 'SystemByteCosmosHALRTCFromBCDSystemByte', ID = '587'
Method 'SystemStringCosmosIL2CPUCustomImplementationSystemStringImplConcatSystemObjectSystemObjectSystemObject', ID = '590'
Method 'SystemVoidCosmosDebugKernelDebuggerctorSystemStringSystemString', ID = '591'
Method 'SystemVoidCosmosHALTextScreenctor', ID = '593'
Method 'SystemVoidCosmosCorePlugsCPUImplHalt', ID = '600'
Method 'SystemVoidSystemCollectionsGenericList1SystemCharcctor', ID = '601'
Method 'SystemVoidSystemCollectionsGenericList1SystemCharset_CapacitySystemInt32', ID = '603'
Method 'SystemVoidSystemMathcctor', ID = '607'
Method 'SystemVoidSystemCollectionsGenericList1SystemStringcctor', ID = '610'
Method 'SystemVoidSystemCollectionsGenericList1CosmosSystemFileSystemListingDirectoryEntrycctor', ID = '611'
Method 'SystemVoidSystemCollectionsGenericList1SystemStringset_CapacitySystemInt32', ID = '612'
Method 'SystemVoidSystemIOStreamcctor', ID = '616'
Method 'SystemInt64CosmosSystemPlugsSystemIOFileStreamImplget_LengthSystemIOStream', ID = '617'
Method 'SystemInt32CosmosSystemPlugsSystemIOFileStreamImplReadSystemBytearraySystemInt32SystemInt32SystemIOStream', ID = '618'
Method 'SystemVoidCosmosSystemPlugsSystemIOFileStreamImplWriteSystemBytearraySystemInt32SystemInt32SystemIOStream', ID = '619'
Method 'SystemVoidCosmosSystemPlugsSystemIOFileStreamImplSetLengthSystemInt64SystemIOStream', ID = '621'
Method 'SystemVoidSystemIOStreamDisposeSystemBoolean', ID = '622'
Method 'SystemVoidSystemGCSuppressFinalizeSystemObject', ID = '623'
Method 'SystemInt64CosmosSystemPlugsSystemIOFileStreamImplSeekSystemIOStreamSystemInt64SystemIOSeekOrigin', ID = '624'
Method 'SystemVoidCosmosSystemPlugsSystemIOFileStreamImplFlushSystemIOStream', ID = '625'
Method 'SystemInt64CosmosSystemPlugsSystemIOFileStreamImplget_PositionSystemIOStream', ID = '626'
Method 'SystemVoidCosmosSystemPlugsSystemIOFileStreamImplset_PositionSystemIOStreamSystemInt64', ID = '627'
Method 'SystemVoidCosmosSystemPlugsSystemIOPathImplCctorSystemCharSystemCharSystemChar', ID = '628'
Method 'SystemInt32CosmosIL2CPUCustomImplementationSystemStringImplLastIndexOfSystemCharSystemInt32SystemInt32', ID = '629'
Method 'SystemVoidCosmosSystemPlugsSystemNetIPAddressImplCCtor', ID = '632'
Method 'SystemVoidCosmosIL2CPURuntimeEnginecctor', ID = '633'
Method 'SystemVoidCosmosIL2CPUVTablesImplcctor', ID = '634'
Method 'SystemVoidCosmosDebugKernelPlugsDebuggerDoSendNumberSystemUInt32', ID = '636'
Method 'SystemVoidSystemArithmeticExceptionctorSystemString', ID = '638'
Method 'SystemVoidCosmosCoreINTsDummy', ID = '640'
Method 'SystemVoidCosmosCorePICctor', ID = '641'
Method 'SystemVoidCosmosHALPS2Keyboardctor', ID = '646'
Method 'SystemVoidCosmosCoreGlobalInit', ID = '647'
Method 'SystemVoidCosmosHALGlobalInitStaticDevices', ID = '648'
Method 'SystemVoidCosmosHALGlobalInitPciDevices', ID = '649'
Method 'SystemVoidCosmosHALGlobalInitAtaCosmosHALBlockDeviceAtaControllerIdEnumCosmosHALBlockDeviceAtaBusPositionEnum', ID = '650'
Method 'SystemVoidCosmosHALGlobalset_NumLockSystemBoolean', ID = '651'
Method 'SystemVoidCosmosHALGlobalset_CapsLockSystemBoolean', ID = '652'
Method 'SystemVoidCosmosHALGlobalset_ScrollLockSystemBoolean', ID = '653'
Method 'SystemVoidCosmosHALVGAScreenctor', ID = '654'
Method 'SystemVoidCosmosHALVGAScreenSetGraphicsModeCosmosHALVGAScreenScreenSizeCosmosHALVGAScreenColorDepth', ID = '655'
Method 'SystemVoidCosmosHALVGAScreenSetPixel640x480x4SystemUInt32SystemUInt32SystemUInt32', ID = '656'
Method 'SystemVoidSystemConsoleBeep', ID = '658'
Method 'SystemStringSystemEnvironmentget_NewLine', ID = '662'
Method 'SystemDoubleCosmosSystemPlugsSystemMathImplPowSystemDoubleSystemDouble', ID = '664'
Method 'SystemVoidSystemTextUnicodeEncodingctorSystemBooleanSystemBoolean', ID = '665'
Method 'SystemTypeCosmosIL2CPUCustomImplementationSystemObjectImplGetType', ID = '675'
Method 'SystemVoidCosmosCorePlugsCPUImplDoDisableInterrupts', ID = '686'
Method 'SystemUInt32CosmosCorePlugsCPUImplGetAmountOfRAM', ID = '687'
Method 'SystemVoidCosmosCorePlugsCPUImplZeroFillSystemUInt32SystemUInt32', ID = '690'
Method 'SystemVoidCosmosCorePlugsCPUImplDoEnableInterrupts', ID = '691'
Method 'SystemVoidCosmosHALRTCcctor', ID = '693'
Method 'SystemVoidCosmosCoreIOGroupTextScreenctor', ID = '700'
Method 'SystemVoidCosmosHALTextScreenBasector', ID = '701'
Method 'SystemVoidSystemCollectionsGenericQueue1CosmosHALKeyEventcctor', ID = '704'
Method 'SystemVoidCosmosCoreGlobalcctor', ID = '705'
Method 'SystemVoidCosmosCoreBootstrapcctor', ID = '706'
Method 'SystemVoidCosmosCorePlugsSystemArrayImplCopySystemArraySystemInt32SystemArraySystemInt32SystemInt32SystemBoolean', ID = '707'
Method 'SystemStringCosmosIL2CPUCustomImplementationSystemStringImplToUpper', ID = '712'
Method 'SystemVoidSystemIOStreamNullStreamctor', ID = '713'
Method 'SystemVoidCosmosCoreINTsHandleInterrupt_DefaultCosmosCoreINTsIRQContext', ID = '723'
Method 'SystemVoidCosmosCoreINTsHandleInterrupt_00CosmosCoreINTsIRQContext', ID = '724'
Method 'SystemVoidCosmosCoreINTsHandleInterrupt_01CosmosCoreINTsIRQContext', ID = '725'
Method 'SystemVoidCosmosCoreINTsHandleInterrupt_02CosmosCoreINTsIRQContext', ID = '726'
Method 'SystemVoidCosmosCoreINTsHandleInterrupt_03CosmosCoreINTsIRQContext', ID = '727'
Method 'SystemVoidCosmosCoreINTsHandleInterrupt_04CosmosCoreINTsIRQContext', ID = '728'
Method 'SystemVoidCosmosCoreINTsHandleInterrupt_05CosmosCoreINTsIRQContext', ID = '729'
Method 'SystemVoidCosmosCoreINTsHandleInterrupt_06CosmosCoreINTsIRQContext', ID = '730'
Method 'SystemVoidCosmosCoreINTsHandleInterrupt_07CosmosCoreINTsIRQContext', ID = '731'
Method 'SystemVoidCosmosCoreINTsHandleInterrupt_08CosmosCoreINTsIRQContext', ID = '732'
Method 'SystemVoidCosmosCoreINTsHandleInterrupt_09CosmosCoreINTsIRQContext', ID = '733'
Method 'SystemVoidCosmosCoreINTsHandleInterrupt_0ACosmosCoreINTsIRQContext', ID = '734'
Method 'SystemVoidCosmosCoreINTsHandleInterrupt_0BCosmosCoreINTsIRQContext', ID = '735'
Method 'SystemVoidCosmosCoreINTsHandleInterrupt_0CCosmosCoreINTsIRQContext', ID = '736'
Method 'SystemVoidCosmosCoreINTsHandleInterrupt_0DCosmosCoreINTsIRQContext', ID = '737'
Method 'SystemVoidCosmosCoreINTsHandleInterrupt_0ECosmosCoreINTsIRQContext', ID = '738'
Method 'SystemVoidCosmosCoreINTsHandleInterrupt_0FCosmosCoreINTsIRQContext', ID = '739'
Method 'SystemVoidCosmosCoreINTsHandleInterrupt_10CosmosCoreINTsIRQContext', ID = '740'
Method 'SystemVoidCosmosCoreINTsHandleInterrupt_11CosmosCoreINTsIRQContext', ID = '741'
Method 'SystemVoidCosmosCoreINTsHandleInterrupt_12CosmosCoreINTsIRQContext', ID = '742'
Method 'SystemVoidCosmosCoreINTsHandleInterrupt_13CosmosCoreINTsIRQContext', ID = '743'
Method 'SystemVoidCosmosCoreINTsHandleInterrupt_20CosmosCoreINTsIRQContext', ID = '744'
Method 'SystemVoidCosmosCoreINTsHandleInterrupt_21CosmosCoreINTsIRQContext', ID = '745'
Method 'SystemVoidCosmosCoreINTsHandleInterrupt_22CosmosCoreINTsIRQContext', ID = '746'
Method 'SystemVoidCosmosCoreINTsHandleInterrupt_23CosmosCoreINTsIRQContext', ID = '747'
Method 'SystemVoidCosmosCoreINTsHandleInterrupt_24CosmosCoreINTsIRQContext', ID = '748'
Method 'SystemVoidCosmosCoreINTsHandleInterrupt_25CosmosCoreINTsIRQContext', ID = '749'
Method 'SystemVoidCosmosCoreINTsHandleInterrupt_26CosmosCoreINTsIRQContext', ID = '750'
Method 'SystemVoidCosmosCoreINTsHandleInterrupt_27CosmosCoreINTsIRQContext', ID = '751'
Method 'SystemVoidCosmosCoreINTsHandleInterrupt_28CosmosCoreINTsIRQContext', ID = '752'
Method 'SystemVoidCosmosCoreINTsHandleInterrupt_29CosmosCoreINTsIRQContext', ID = '753'
Method 'SystemVoidCosmosCoreINTsHandleInterrupt_2ACosmosCoreINTsIRQContext', ID = '754'
Method 'SystemVoidCosmosCoreINTsHandleInterrupt_2BCosmosCoreINTsIRQContext', ID = '755'
Method 'SystemVoidCosmosCoreINTsHandleInterrupt_2CCosmosCoreINTsIRQContext', ID = '756'
Method 'SystemVoidCosmosCoreINTsHandleInterrupt_2DCosmosCoreINTsIRQContext', ID = '757'
Method 'SystemVoidCosmosCoreINTsHandleInterrupt_2ECosmosCoreINTsIRQContext', ID = '758'
Method 'SystemVoidCosmosCoreINTsHandleInterrupt_2FCosmosCoreINTsIRQContext', ID = '759'
Method 'SystemVoidCosmosCoreINTsHandleInterrupt_30CosmosCoreINTsIRQContext', ID = '760'
Method 'SystemVoidCosmosCoreINTsHandleInterrupt_35CosmosCoreINTsIRQContext', ID = '761'
Method 'SystemVoidCosmosCoreINTsHandleInterrupt_40CosmosCoreINTsIRQContext', ID = '762'
Method 'SystemVoidCosmosCoreINTsHandleInterrupt_41CosmosCoreINTsIRQContext', ID = '763'
Method 'SystemVoidCosmosCoreINTsHandleInterrupt_42CosmosCoreINTsIRQContext', ID = '764'
Method 'SystemVoidCosmosCoreINTsHandleInterrupt_43CosmosCoreINTsIRQContext', ID = '765'
Method 'SystemVoidCosmosCoreINTsHandleInterrupt_44CosmosCoreINTsIRQContext', ID = '766'
Method 'SystemVoidCosmosCoreINTsHandleInterrupt_45CosmosCoreINTsIRQContext', ID = '767'
Method 'SystemVoidCosmosCoreINTsHandleInterrupt_46CosmosCoreINTsIRQContext', ID = '768'
Method 'SystemVoidCosmosCoreINTsHandleInterrupt_47CosmosCoreINTsIRQContext', ID = '769'
Method 'SystemVoidCosmosCoreINTsHandleInterrupt_48CosmosCoreINTsIRQContext', ID = '770'
Method 'SystemVoidCosmosCoreINTsHandleInterrupt_49CosmosCoreINTsIRQContext', ID = '771'
Method 'SystemVoidCosmosCoreIOGroupPICctorSystemBoolean', ID = '773'
Method 'SystemVoidCosmosCorePICRemapSystemByteSystemByteSystemByteSystemByte', ID = '774'
Method 'SystemVoidCosmosCorePlugsCPUImplUpdateIDTSystemBoolean', ID = '775'
Method 'SystemVoidCosmosCorePlugsCPUImplInitFloat', ID = '776'
Method 'SystemVoidCosmosHALKeyboardctor', ID = '780'
Method 'SystemVoidCosmosHALPCISetup', ID = '781'
Method 'SystemVoidCosmosHALBlockDeviceAtaPioctorCosmosCoreIOGroupATACosmosHALBlockDeviceAtaControllerIdEnumCosmosHALBlockDeviceAtaBusPositionEnum', ID = '784'
Method 'CosmosHALBlockDeviceAtaPioSpecLevelCosmosHALBlockDeviceAtaPioget_DriveType', ID = '785'
Method 'SystemVoidSystemCollectionsGenericList1CosmosHALBlockDeviceBlockDeviceAddCosmosHALBlockDeviceBlockDevice', ID = '788'
Method 'SystemVoidCosmosHALBlockDeviceMBRctorSystemBytearray', ID = '792'
Method 'SystemVoidCosmosHALBlockDeviceEBRctorSystemBytearray', ID = '794'
Method 'SystemInt32SystemCollectionsGenericList1CosmosHALBlockDeviceEBRPartInfoget_Count', ID = '796'
Method 'SystemInt32SystemCollectionsGenericList1CosmosHALBlockDeviceMBRPartInfoget_Count', ID = '797'
Method 'CosmosHALBlockDeviceMBRPartInfoSystemCollectionsGenericList1CosmosHALBlockDeviceMBRPartInfoget_ItemSystemInt32', ID = '798'
Method 'SystemVoidCosmosHALBlockDevicePartitionctorCosmosHALBlockDeviceBlockDeviceSystemUInt64SystemUInt64', ID = '800'
Method 'SystemVoidCosmosCoreIOGroupVGActor', ID = '806'
Method 'SystemVoidCosmosHALVGAScreenSetPixelNoModeSystemUInt32SystemUInt32SystemUInt32', ID = '808'
Method 'SystemVoidCosmosIL2CPUX86PlugsNEW_PLUGSDelegateImplCtorSystemObjectSystemIntPtr', ID = '919'
Method 'SystemUInt32CosmosHALVGAScreenGetPixelNoModeSystemUInt32SystemUInt32', ID = '810'
Method 'SystemVoidCosmosIL2CPUX86PlugsNEW_PLUGSDelegateImplCtorSystemObjectSystemIntPtr', ID = '919'
Method 'SystemVoidCosmosHALVGAScreenWriteVGARegistersSystemBytearray', ID = '815'
Method 'SystemVoidCosmosHALVGAScreenset_PixelWidthSystemInt32', ID = '816'
Method 'SystemVoidCosmosHALVGAScreenset_PixelHeightSystemInt32', ID = '817'
Method 'SystemVoidCosmosHALVGAScreenset_ColorsSystemInt32', ID = '818'
Method 'SystemVoidCosmosHALVGAScreenSetPixel320x200x8SystemUInt32SystemUInt32SystemUInt32', ID = '819'
Method 'SystemUInt32CosmosHALVGAScreenGetPixel320x200x8SystemUInt32SystemUInt32', ID = '820'
Method 'SystemUInt32CosmosHALVGAScreenGetPixel640x480x4SystemUInt32SystemUInt32', ID = '824'
Method 'SystemVoidCosmosHALVGAScreenSetPixel720x480x4SystemUInt32SystemUInt32SystemUInt32', ID = '826'
Method 'SystemUInt32CosmosHALVGAScreenGetPixel720x480x4SystemUInt32SystemUInt32', ID = '827'
Method 'SystemInt32CosmosHALVGAScreenget_PixelWidth', ID = '828'
Method 'SystemVoidCosmosHALVGAScreenSetPlaneSystemByte', ID = '829'
Method 'SystemByteCosmosCoreMemoryBlock08get_ItemSystemUInt32', ID = '831'
Method 'SystemVoidCosmosCoreMemoryBlock08set_ItemSystemUInt32SystemByte', ID = '832'
Method 'SystemVoidCosmosSystemPlugsSystemConsoleImplset_ForegroundColorSystemConsoleColor', ID = '833'
Method 'SystemStringCosmosSystemPlugsSystemConsoleImplReadLine', ID = '835'
Method 'SystemStringCosmosIL2CPUILCustomImplementationsSystemEnvironmentImplGetResourceStringSystemStringSystemObjectarray', ID = '836'
Method 'SystemBooleanCosmosSystemPlugsSystemCharImplIsWhiteSpaceSystemChar', ID = '837'
Method 'SystemVoidSystemTextUnicodeEncodingctorSystemBooleanSystemBooleanSystemBoolean', ID = '839'
Method 'SystemVoidCosmosCoreIOGroupRTCctor', ID = '840'
Method 'SystemVoidCosmosCorePlugsIOPortImplWrite8SystemUInt16SystemByte', ID = '843'
Method 'SystemByteCosmosCorePlugsIOPortImplRead8SystemUInt16', ID = '844'
Method 'SystemVoidCosmosHALTextScreenSetColorsSystemConsoleColorSystemConsoleColor', ID = '845'
Method 'SystemInt32CosmosHALTextScreenGetCursorSize', ID = '846'
Method 'SystemVoidCosmosHALTextScreenSetCursorSizeSystemInt32', ID = '847'
Method 'SystemVoidCosmosHALTextScreenSetCursorVisibleSystemBoolean', ID = '848'
Method 'SystemUInt16CosmosHALTextScreenget_Rows', ID = '849'
Method 'SystemUInt16CosmosHALTextScreenget_Cols', ID = '850'
Method 'SystemVoidCosmosHALTextScreenClear', ID = '851'
Method 'SystemVoidCosmosHALTextScreenset_ItemSystemInt32SystemInt32SystemChar', ID = '852'
Method 'SystemVoidCosmosHALTextScreenScrollUp', ID = '853'
Method 'SystemByteCosmosHALTextScreenGetColor', ID = '854'
Method 'SystemVoidCosmosHALTextScreenSetCursorPosSystemInt32SystemInt32', ID = '855'
Method 'SystemVoidCosmosCoreMemoryBlockctorSystemUInt32SystemUInt32', ID = '856'
Method 'SystemVoidCosmosCoreIOPortctorSystemUInt16', ID = '857'
Method 'SystemVoidCosmosCoreIOGroupIOGroupctor', ID = '858'
Method 'SystemVoidCosmosHALDevicector', ID = '859'
Method 'SystemVoidCosmosCoreBaseIOGroupsctor', ID = '861'
Method 'SystemVoidCosmosCoreCPUctor', ID = '862'
Method 'SystemVoidSystemIOStreamctor', ID = '864'
Method 'SystemVoidCosmosSystemPlugsSystemIOFileStreamImplDisposeSystemBooleanSystemIOStream', ID = '865'
Method 'SystemVoidCosmosIL2CPUILCustomImplementationsSystemGCImpl_SuppressFinalizeSystemObject', ID = '866'
Method 'SystemVoidCosmosCoreINTscctor', ID = '867'
Method 'CosmosCorePICCosmosCoreGlobalget_PIC', ID = '869'
Method 'SystemVoidCosmosCorePICEoiSlave', ID = '870'
Method 'SystemVoidCosmosCorePICEoiMaster', ID = '871'
Method 'SystemVoidCosmosCoreINTsHandleExceptionSystemUInt32SystemStringSystemStringCosmosCoreINTsIRQContextSystemUInt32', ID = '872'
Method 'SystemVoidCosmosIL2CPUX86PlugsNEW_PLUGSDelegateImplInvoke', ID = '951'
Method 'SystemVoidCosmosCoreINTsIRQSystemUInt32CosmosCoreINTsIRQContext', ID = '876'
Method 'SystemVoidCosmosDebugKernelDebuggerSendMessageSystemStringSystemString', ID = '878'
Method 'SystemVoidCosmosCoreIOPortWait', ID = '880'
Method 'SystemVoidCosmosCoreBaseIOGroupscctor', ID = '881'
Method 'SystemVoidSystemCollectionsGenericQueue1CosmosHALKeyEventctor', ID = '882'
Method 'SystemVoidCosmosHALScanMapsUS_Standardctor', ID = '883'
Method 'SystemVoidCosmosHALKeyboardSetKeyLayoutCosmosHALScanMapBase', ID = '884'
Method 'SystemVoidCosmosHALPCIEnumerateDevices', ID = '888'
Method 'SystemVoidCosmosHALBlockDeviceAtactor', ID = '891'
Method 'SystemVoidCosmosCoreIOPortWriteset_ByteSystemByte', ID = '892'
Method 'CosmosHALBlockDeviceAtaPioSpecLevelCosmosHALBlockDeviceAtaPioDiscoverDrive', ID = '893'
Method 'SystemVoidCosmosHALBlockDeviceAtaPioInitDrive', ID = '894'
Method 'SystemVoidCosmosHALBlockDeviceBlockDevicecctor', ID = '896'
Method 'SystemVoidSystemCollectionsGenericList1CosmosHALBlockDeviceBlockDeviceEnsureCapacitySystemInt32', ID = '898'
Method 'SystemVoidCosmosHALBlockDeviceAtacctor', ID = '899'
Method 'SystemStringCosmosHALBlockDeviceAtaToString', ID = '900'
Method 'SystemVoidCosmosHALBlockDeviceAtaPioReadBlockSystemUInt64SystemUInt64SystemBytearray', ID = '901'
Method 'SystemVoidSystemCollectionsGenericList1CosmosHALBlockDeviceMBRPartInfoctor', ID = '902'
Method 'SystemVoidCosmosHALBlockDeviceMBRParsePartitionSystemBytearraySystemUInt32', ID = '903'
Method 'SystemVoidSystemCollectionsGenericList1CosmosHALBlockDeviceEBRPartInfoctor', ID = '904'
Method 'SystemVoidCosmosHALBlockDeviceEBRParsePartitionSystemBytearraySystemUInt32', ID = '905'
Method 'SystemVoidCosmosHALBlockDeviceBlockDevicector', ID = '909'
Method 'SystemUInt64CosmosHALBlockDeviceBlockDeviceget_BlockSize', ID = '910'
Method 'SystemVoidCosmosHALPS2KeyboardUpdateLeds', ID = '911'
Method 'SystemVoidCosmosHALVGAScreencctor', ID = '912'
Method 'SystemVoidCosmosCoreIOPortWritectorSystemUInt16', ID = '913'
Method 'SystemVoidCosmosCoreIOPortReadctorSystemUInt16', ID = '914'
Method 'SystemVoidCosmosCoreMemoryBlock08ctorSystemUInt32SystemUInt32', ID = '915'
Method 'SystemVoidSystemDrawingColorcctor', ID = '916'
Method 'SystemByteCosmosCoreIOPortReadget_Byte', ID = '921'
Method 'SystemVoidCosmosSystemPlugsSystemConsoleImplBeepSystemInt32SystemInt32', ID = '923'
Method 'SystemVoidSystemTextEncodingctorSystemInt32', ID = '924'
Method 'SystemVoidSystemTextEncodingSetDefaultFallbacks', ID = '925'
Method 'SystemVoidCosmosCoreMemoryBlockFillSystemUInt16', ID = '927'
Method 'SystemVoidCosmosCoreMemoryBlockMoveDownSystemUInt32SystemUInt32SystemUInt32', ID = '928'
Method 'SystemVoidCosmosCoreMemoryBlockFillSystemUInt32SystemUInt32SystemUInt16', ID = '929'
Method 'SystemVoidCosmosCoreMemoryBlock16ctorSystemUInt32SystemUInt32', ID = '930'
Method 'SystemVoidCosmosCoreMemoryBlock32ctorSystemUInt32SystemUInt32', ID = '931'
Method 'SystemVoidCosmosCoreIOPortBasectorSystemUInt16', ID = '932'
Method 'SystemVoidCosmosCoreIOGroupKeyboardctor', ID = '933'
Method 'SystemVoidCosmosCoreIOGroupPITctor', ID = '934'
Method 'SystemVoidCosmosCoreIOGroupATActorSystemBoolean', ID = '935'
Method 'SystemVoidCosmosCoreIOGroupVBEctor', ID = '936'
Method 'SystemInt64SystemIOStreamNullStreamget_Length', ID = '937'
Method 'SystemInt32SystemIOStreamNullStreamReadSystemBytearraySystemInt32SystemInt32', ID = '938'
Method 'SystemVoidSystemIOStreamNullStreamWriteSystemBytearraySystemInt32SystemInt32', ID = '939'
Method 'SystemVoidSystemIOStreamNullStreamSetLengthSystemInt64', ID = '940'
Method 'SystemInt64SystemIOStreamNullStreamSeekSystemInt64SystemIOSeekOrigin', ID = '941'
Method 'SystemVoidSystemIOStreamNullStreamFlush', ID = '942'
Method 'SystemInt64SystemIOStreamNullStreamget_Position', ID = '943'
Method 'SystemVoidSystemIOStreamNullStreamset_PositionSystemInt64', ID = '944'
Method 'SystemVoidSystemMarshalByRefObjectctor', ID = '945'
Method 'SystemVoidCosmosCoreINTsPutErrorCharSystemInt32SystemInt32SystemChar', ID = '949'
Method 'SystemVoidCosmosCoreINTsPutErrorStringSystemInt32SystemInt32SystemString', ID = '950'
Method 'SystemVoidCosmosCoreIOGroupMousector', ID = '952'
Method 'SystemVoidCosmosCoreIOGroupPCSpeakerctor', ID = '954'
Method 'SystemVoidCosmosHALScanMapBasector', ID = '957'
Method 'SystemVoidCosmosHALKeyboardset_KeyLayoutCosmosHALScanMapBase', ID = '959'
Method 'SystemVoidCosmosHALPS2KeyboardInitialize', ID = '960'
Method 'SystemVoidSystemCollectionsGenericList1CosmosHALPCIDevicector', ID = '961'
Method 'SystemVoidCosmosHALPCIEnumerateBusSystemUInt32SystemUInt32', ID = '963'
Method 'SystemVoidCosmosHALBlockDeviceAtaPiocctor', ID = '964'
Method 'SystemStringCosmosHALBlockDeviceAtaPioToString', ID = '965'
Method 'SystemVoidCosmosHALBlockDeviceAtaPioSelectDriveSystemByte', ID = '967'
Method 'CosmosHALBlockDeviceAtaPioStatusCosmosHALBlockDeviceAtaPioSendCmdCosmosHALBlockDeviceAtaPioCmdSystemBoolean', ID = '968'
Method 'CosmosHALBlockDeviceAtaPioStatusCosmosHALBlockDeviceAtaPioSendCmdCosmosHALBlockDeviceAtaPioCmd', ID = '969'
Method 'SystemVoidCosmosCoreIOPortBaseRead16SystemUInt16array', ID = '970'
Method 'SystemStringCosmosHALBlockDeviceAtaPioGetStringSystemUInt16arraySystemInt32SystemInt32', ID = '971'
Method 'SystemVoidSystemCollectionsGenericList1CosmosHALBlockDeviceBlockDevicector', ID = '972'
Method 'SystemVoidSystemCollectionsGenericList1CosmosHALBlockDeviceBlockDevicecctor', ID = '973'
Method 'SystemVoidSystemCollectionsGenericList1CosmosHALBlockDeviceBlockDeviceset_CapacitySystemInt32', ID = '974'
Method 'SystemVoidCosmosHALBlockDeviceBlockDeviceCheckDataSizeSystemBytearraySystemUInt64', ID = '975'
Method 'SystemVoidCosmosHALBlockDeviceAtaPioSelectSectorSystemUInt64SystemUInt64', ID = '976'
Method 'SystemVoidCosmosCoreIOPortBaseRead8SystemBytearray', ID = '977'
Method 'SystemUInt32CosmosCommonExtensionsByteConverterToUInt32SystemBytearraySystemUInt64', ID = '979'
Method 'SystemVoidCosmosHALBlockDeviceMBRPartInfoctorSystemByteSystemUInt32SystemUInt32', ID = '980'
Method 'SystemVoidSystemCollectionsGenericList1CosmosHALBlockDeviceMBRPartInfoAddCosmosHALBlockDeviceMBRPartInfo', ID = '981'
Method 'SystemVoidCosmosHALBlockDeviceEBRPartInfoctorSystemByteSystemUInt32SystemUInt32', ID = '983'
Method 'SystemVoidSystemCollectionsGenericList1CosmosHALBlockDeviceEBRPartInfoAddCosmosHALBlockDeviceEBRPartInfo', ID = '984'
Method 'SystemVoidSystemCollectionsGenericList1CosmosHALBlockDeviceEBRPartInfocctor', ID = '985'
Method 'SystemVoidSystemCollectionsGenericList1CosmosHALBlockDeviceMBRPartInfocctor', ID = '986'
Method 'SystemStringCosmosHALBlockDevicePartitionToString', ID = '987'
Method 'SystemVoidCosmosHALBlockDevicePartitionReadBlockSystemUInt64SystemUInt64SystemBytearray', ID = '988'
Method 'SystemStringCosmosSystemPlugsSystemDrawingColorImplToString', ID = '1017'
Method 'SystemVoidSystemTextUnicodeEncodingSetDefaultFallbacks', ID = '1019'
Method 'SystemVoidSystemTextInternalEncoderBestFitFallbackctorSystemTextEncoding', ID = '1020'
Method 'SystemVoidSystemTextInternalDecoderBestFitFallbackctorSystemTextEncoding', ID = '1021'
Method 'SystemUInt16CosmosCoreIOGroupATAGetBAR0SystemBoolean', ID = '1026'
Method 'SystemUInt16CosmosCoreIOGroupATAGetBAR1SystemBoolean', ID = '1027'
Method 'SystemVoidCosmosCoreIOPortWritectorSystemUInt16SystemUInt16', ID = '1028'
Method 'SystemVoidCosmosCoreIOPortctorSystemUInt16SystemUInt16', ID = '1029'
Method 'SystemVoidCosmosCoreIOPortReadctorSystemUInt16SystemUInt16', ID = '1030'
Method 'SystemVoidCosmosHALPS2KeyboardHandleIRQCosmosCoreINTsIRQContext', ID = '1035'
Method 'SystemVoidCosmosIL2CPUX86PlugsNEW_PLUGSDelegateImplCtorSystemObjectSystemIntPtr', ID = '919'
Method 'SystemVoidCosmosCoreINTsSetIrqHandlerSystemByteCosmosCoreINTsIRQDelegate', ID = '1037'
Method 'SystemVoidCosmosHALPCIDevicectorSystemUInt32SystemUInt32SystemUInt32', ID = '1040'
Method 'SystemBooleanCosmosHALPCIDeviceget_DeviceExists', ID = '1041'
Method 'CosmosHALPCIDevicePCIHeaderTypeCosmosHALPCIDeviceget_HeaderType', ID = '1042'
Method 'SystemVoidCosmosHALPCIDeviceBridgectorSystemUInt32SystemUInt32SystemUInt32', ID = '1043'
Method 'SystemVoidCosmosHALPCIAddDeviceCosmosHALPCIDeviceSystemUInt32', ID = '1044'
Method 'SystemVoidCosmosHALPCIDeviceCardbusctorSystemUInt32SystemUInt32SystemUInt32', ID = '1045'
Method 'SystemVoidCosmosHALPCIDeviceNormalctorSystemUInt32SystemUInt32SystemUInt32', ID = '1046'
Method 'SystemVoidCosmosHALBlockDeviceAtaPioWait', ID = '1048'
Method 'SystemVoidCosmosHALBlockDeviceAtaPioDebugSystemString', ID = '1051'
Method 'SystemVoidCosmosHALBlockDeviceAtaPioDebugHexSystemStringSystemUInt32', ID = '1052'
Method 'SystemVoidCosmosHALBlockDeviceBlockDeviceCheckBlockNoSystemUInt64SystemUInt64', ID = '1056'
Method 'SystemVoidCosmosCoreIOPortWriteset_WordSystemUInt16', ID = '1057'
Method 'SystemVoidSystemCollectionsGenericList1CosmosHALBlockDeviceMBRPartInfoEnsureCapacitySystemInt32', ID = '1058'
Method 'SystemVoidSystemCollectionsGenericList1CosmosHALBlockDeviceEBRPartInfoEnsureCapacitySystemInt32', ID = '1060'
Method 'SystemTextEncoderFallbackSystemTextEncoderFallbackget_ExceptionFallback', ID = '1062'
Method 'SystemTextDecoderFallbackSystemTextDecoderFallbackget_ExceptionFallback', ID = '1063'
Method 'SystemVoidSystemTextEncoderReplacementFallbackctorSystemString', ID = '1064'
Method 'SystemVoidSystemTextDecoderReplacementFallbackctorSystemString', ID = '1065'
Method 'SystemVoidSystemTextEncoderFallbackctor', ID = '1067'
Method 'SystemVoidSystemTextDecoderFallbackctor', ID = '1070'
Method 'SystemVoidCosmosCoreIOPortBasectorSystemUInt16SystemUInt16', ID = '1072'
Method 'SystemVoidCosmosHALScanMapsUS_StandardInitKeys', ID = '1073'
Method 'SystemVoidCosmosCoreINTsSetIntHandlerSystemByteCosmosCoreINTsIRQDelegate', ID = '1075'
Method 'SystemVoidSystemCollectionsGenericList1CosmosHALPCIDevicecctor', ID = '1076'
Method 'SystemVoidCosmosCoreIOGroupPCIctor', ID = '1078'
Method 'SystemUInt16CosmosHALPCIDeviceReadRegister16SystemByte', ID = '1079'
Method 'SystemVoidCosmosHALPCIDeviceset_VendorIDSystemUInt16', ID = '1080'
Method 'SystemVoidCosmosHALPCIDeviceset_DeviceIDSystemUInt16', ID = '1081'
Method 'SystemByteCosmosHALPCIDeviceReadRegister8SystemByte', ID = '1082'
Method 'SystemVoidCosmosHALPCIDeviceset_RevisionIDSystemByte', ID = '1083'
Method 'SystemVoidCosmosHALPCIDeviceset_ProgIFSystemByte', ID = '1084'
Method 'SystemVoidCosmosHALPCIDeviceset_SubclassSystemByte', ID = '1085'
Method 'SystemVoidCosmosHALPCIDeviceset_ClassCodeSystemByte', ID = '1086'
Method 'SystemVoidCosmosHALPCIDeviceset_CacheLineSizeSystemByte', ID = '1087'
Method 'SystemVoidCosmosHALPCIDeviceset_LatencyTimerSystemByte', ID = '1088'
Method 'SystemVoidCosmosHALPCIDeviceset_HeaderTypeCosmosHALPCIDevicePCIHeaderType', ID = '1089'
Method 'SystemVoidCosmosHALPCIDeviceset_BISTCosmosHALPCIDevicePCIBist', ID = '1090'
Method 'SystemVoidCosmosHALPCIDeviceset_InterruptLineSystemByte', ID = '1091'
Method 'SystemVoidCosmosHALPCIDeviceset_InterruptPINCosmosHALPCIDevicePCIInterruptPIN', ID = '1092'
Method 'SystemUInt16CosmosHALPCIDeviceget_VendorID', ID = '1093'
Method 'SystemUInt16CosmosHALPCIDeviceget_DeviceID', ID = '1094'
Method 'SystemVoidCosmosHALPCIDeviceset_DeviceExistsSystemBoolean', ID = '1095'
Method 'SystemVoidCosmosHALPCIDeviceBridgeset_BaseAddressesCosmosHALPCIBaseAddressBararray', ID = '1099'
Method 'CosmosHALPCIBaseAddressBararrayCosmosHALPCIDeviceBridgeget_BaseAddresses', ID = '1100'
Method 'SystemUInt32CosmosHALPCIDeviceReadRegister32SystemByte', ID = '1101'
Method 'SystemVoidCosmosHALPCIBaseAddressBarctorSystemUInt32', ID = '1102'
Method 'SystemVoidCosmosHALPCIDeviceBridgeset_PrimaryBusNumberSystemByte', ID = '1103'
Method 'SystemVoidCosmosHALPCIDeviceBridgeset_SecondaryBusNumberSystemByte', ID = '1104'
Method 'SystemVoidCosmosHALPCIDeviceBridgeset_SubordinateBusNumberSystemByte', ID = '1105'
Method 'SystemVoidCosmosHALPCIDeviceBridgeset_SecondaryLatencyTimerSystemByte', ID = '1106'
Method 'SystemVoidCosmosHALPCIDeviceBridgeset_IOBaseSystemByte', ID = '1107'
Method 'SystemVoidCosmosHALPCIDeviceBridgeset_IOLimitSystemByte', ID = '1108'
Method 'SystemVoidCosmosHALPCIDeviceBridgeset_SecondaryStatusSystemUInt16', ID = '1109'
Method 'SystemVoidCosmosHALPCIDeviceBridgeset_MemoryBaseSystemUInt16', ID = '1110'
Method 'SystemVoidCosmosHALPCIDeviceBridgeset_MemoryLimitSystemUInt16', ID = '1111'
Method 'SystemVoidCosmosHALPCIDeviceBridgeset_PrefatchableMemoryBaseSystemUInt16', ID = '1112'
Method 'SystemVoidCosmosHALPCIDeviceBridgeset_PrefatchableMemoryLimitSystemUInt16', ID = '1113'
Method 'SystemVoidCosmosHALPCIDeviceBridgeset_PrefatchableBaseUpper32SystemUInt32', ID = '1114'
Method 'SystemVoidCosmosHALPCIDeviceBridgeset_PrefatchableLimitUpper32SystemUInt32', ID = '1115'
Method 'SystemVoidCosmosHALPCIDeviceBridgeset_IOBaseUpper16SystemUInt16', ID = '1116'
Method 'SystemVoidCosmosHALPCIDeviceBridgeset_IOLimitUpper16SystemUInt16', ID = '1117'
Method 'SystemVoidCosmosHALPCIDeviceBridgeset_CapabilityPointerSystemByte', ID = '1118'
Method 'SystemVoidCosmosHALPCIDeviceBridgeset_ExpansionROMBaseAddressSystemUInt32', ID = '1119'
Method 'SystemVoidCosmosHALPCIDeviceBridgeset_BridgeControlSystemUInt16', ID = '1120'
Method 'SystemStringCosmosHALPCIDeviceDeviceClassGetStringCosmosHALPCIDevice', ID = '1121'
Method 'SystemVoidSystemCollectionsGenericList1CosmosHALPCIDeviceAddCosmosHALPCIDevice', ID = '1123'
Method 'SystemByteCosmosHALPCIDeviceBridgeget_SecondaryBusNumber', ID = '1124'
Method 'SystemVoidCosmosHALPCIDeviceCardbusset_CardbusBaseAddressSystemUInt32', ID = '1126'
Method 'SystemVoidCosmosHALPCIDeviceCardbusset_OffsetOfCapabilityListSystemByte', ID = '1127'
Method 'SystemVoidCosmosHALPCIDeviceCardbusset_SecondaryStatusSystemUInt16', ID = '1128'
Method 'SystemVoidCosmosHALPCIDeviceCardbusset_PCIBusNumberSystemByte', ID = '1129'
Method 'SystemVoidCosmosHALPCIDeviceCardbusset_CardbusBusNumberSystemByte', ID = '1130'
Method 'SystemVoidCosmosHALPCIDeviceCardbusset_SubordinateBusNumberSystemByte', ID = '1131'
Method 'SystemVoidCosmosHALPCIDeviceCardbusset_CardbusLatencyTimerSystemByte', ID = '1132'
Method 'SystemVoidCosmosHALPCIDeviceCardbusset_MemoryBaseAddress0SystemUInt32', ID = '1133'
Method 'SystemVoidCosmosHALPCIDeviceCardbusset_MemoryLimit0SystemUInt32', ID = '1134'
Method 'SystemVoidCosmosHALPCIDeviceCardbusset_MemoryBaseAddress1SystemUInt32', ID = '1135'
Method 'SystemVoidCosmosHALPCIDeviceCardbusset_MemoryLimit1SystemUInt32', ID = '1136'
Method 'SystemVoidCosmosHALPCIDeviceCardbusset_IOBaseAddress0SystemUInt32', ID = '1137'
Method 'SystemVoidCosmosHALPCIDeviceCardbusset_IOLimit0SystemUInt32', ID = '1138'
Method 'SystemVoidCosmosHALPCIDeviceCardbusset_IOBaseAddress1SystemUInt32', ID = '1139'
Method 'SystemVoidCosmosHALPCIDeviceCardbusset_IOLimit1SystemUInt32', ID = '1140'
Method 'SystemVoidCosmosHALPCIDeviceCardbusset_BridgeControlSystemUInt16', ID = '1141'
Method 'SystemVoidCosmosHALPCIDeviceCardbusset_SubsystemDeviceIDSystemUInt16', ID = '1142'
Method 'SystemVoidCosmosHALPCIDeviceCardbusset_SubsystemVendorIDSystemUInt16', ID = '1143'
Method 'SystemVoidCosmosHALPCIDeviceCardbusset_PCCardBaseAddressSystemUInt32', ID = '1144'
Method 'SystemVoidCosmosHALPCIDeviceNormalset_BaseAddressesCosmosHALPCIBaseAddressBararray', ID = '1146'
Method 'CosmosHALPCIBaseAddressBararrayCosmosHALPCIDeviceNormalget_BaseAddresses', ID = '1147'
Method 'SystemVoidCosmosHALPCIDeviceNormalset_CardbusCISPointerSystemUInt32', ID = '1148'
Method 'SystemVoidCosmosHALPCIDeviceNormalset_SubsystemVendorIDSystemUInt16', ID = '1149'
Method 'SystemVoidCosmosHALPCIDeviceNormalset_SubsystemIDSystemUInt16', ID = '1150'
Method 'SystemVoidCosmosHALPCIDeviceNormalset_ExpansionROMBaseAddressSystemUInt32', ID = '1151'
Method 'SystemVoidCosmosHALPCIDeviceNormalset_CapabilitiesPointerSystemByte', ID = '1152'
Method 'SystemVoidCosmosHALPCIDeviceNormalset_MinGrantSystemByte', ID = '1153'
Method 'SystemVoidCosmosHALPCIDeviceNormalset_MaxLatencySystemByte', ID = '1154'
Method 'SystemVoidCosmosDebugKernelDebuggerSendNumberSystemUInt32', ID = '1155'
Method 'SystemUInt16CosmosCorePlugsIOPortImplRead16SystemUInt16', ID = '1156'
Method 'SystemVoidSystemCollectionsGenericList1CosmosHALBlockDeviceMBRPartInfoset_CapacitySystemInt32', ID = '1158'
Method 'SystemVoidSystemCollectionsGenericList1CosmosHALBlockDeviceEBRPartInfoset_CapacitySystemInt32', ID = '1159'
Method 'SystemVoidSystemThreadingMonitorEnterSystemObjectSystemBoolean', ID = '1162'
Method 'SystemVoidSystemTextEncoderExceptionFallbackctor', ID = '1163'
Method 'SystemVoidSystemTextDecoderExceptionFallbackctor', ID = '1167'
Method 'SystemBooleanSystemCharIsSurrogateSystemStringSystemInt32', ID = '1169'
Method 'SystemBooleanSystemCharIsHighSurrogateSystemStringSystemInt32', ID = '1170'
Method 'SystemVoidSystemCollectionsGenericList1CosmosHALKeyMappingctorSystemInt32', ID = '1172'
Method 'SystemVoidCosmosHALKeyMappingctorSystemUInt32CosmosHALConsoleKeyEx', ID = '1173'
Method 'SystemVoidSystemCollectionsGenericList1CosmosHALKeyMappingAddCosmosHALKeyMapping', ID = '1174'
Method 'SystemVoidCosmosHALKeyMappingctorSystemUInt32SystemCharSystemCharSystemCharSystemCharSystemCharSystemCharCosmosHALConsoleKeyEx', ID = '1175'
Method 'SystemVoidCosmosHALKeyMappingctorSystemUInt32SystemCharCosmosHALConsoleKeyEx', ID = '1176'
Method 'SystemVoidCosmosHALKeyMappingctorSystemUInt32SystemCharSystemCharSystemCharSystemCharSystemCharSystemCharCosmosHALConsoleKeyExCosmosHALConsoleKeyEx', ID = '1177'
Method 'SystemVoidCosmosHALPS2KeyboardHandleScancodeSystemByteSystemBoolean', ID = '1178'
Method 'SystemUInt32CosmosHALPCIDeviceGetAddressBaseSystemUInt32SystemUInt32SystemUInt32', ID = '1180'
Method 'SystemVoidCosmosCoreIOPortset_DWordSystemUInt32', ID = '1181'
Method 'SystemUInt32CosmosCoreIOPortget_DWord', ID = '1182'
Method 'SystemByteCosmosHALPCIDeviceget_ClassCode', ID = '1187'
Method 'SystemByteCosmosHALPCIDeviceget_Subclass', ID = '1188'
Method 'SystemByteCosmosHALPCIDeviceget_ProgIF', ID = '1189'
Method 'SystemStringCosmosIL2CPUCustomImplementationSystemStringImplConcatSystemObjectarray', ID = '1190'
Method 'SystemVoidSystemCollectionsGenericList1CosmosHALPCIDeviceEnsureCapacitySystemInt32', ID = '1191'
Method 'SystemVoidCosmosCorePlugsIOPortImplWrite16SystemUInt16SystemUInt16', ID = '1192'
Method 'SystemObjectCosmosSystemPlugsSystemTextEncoderFallbackImplget_InternalSyncObject', ID = '1193'
Method 'SystemVoidSystemThreadingMonitorThrowLockTakenException', ID = '1195'
Method 'SystemVoidCosmosSystemPlugsSystemThreadingMonitorImplExitSystemObject', ID = '1198'
Method 'SystemObjectCosmosSystemPlugsSystemTextDecoderFallbackImplget_InternalSyncObject', ID = '1199'
Method 'SystemBooleanSystemCharIsSurrogateSystemChar', ID = '1201'
Method 'SystemBooleanSystemCharIsHighSurrogateSystemChar', ID = '1202'
Method 'SystemVoidSystemCollectionsGenericList1CosmosHALKeyMappingEnsureCapacitySystemInt32', ID = '1206'
Method 'SystemBooleanCosmosHALGlobalget_CapsLock', ID = '1207'
Method 'SystemBooleanCosmosHALGlobalget_NumLock', ID = '1208'
Method 'SystemBooleanCosmosHALGlobalget_ScrollLock', ID = '1209'
Method 'SystemVoidCosmosHALKeyboardset_ControlPressedSystemBoolean', ID = '1210'
Method 'SystemVoidCosmosHALKeyboardset_ShiftPressedSystemBoolean', ID = '1211'
Method 'SystemVoidCosmosHALKeyboardset_AltPressedSystemBoolean', ID = '1212'
Method 'SystemBooleanCosmosHALKeyboardget_ControlPressed', ID = '1213'
Method 'SystemBooleanCosmosHALKeyboardget_AltPressed', ID = '1214'
Method 'SystemVoidCosmosCoreCPUReboot', ID = '1215'
Method 'SystemBooleanCosmosHALPS2KeyboardGetKeySystemByteSystemBooleanCosmosHALKeyEvent', ID = '1216'
Method 'SystemVoidCosmosHALKeyboardEnqueueCosmosHALKeyEvent', ID = '1217'
Method 'SystemVoidSystemCollectionsGenericList1CosmosHALPCIDeviceset_CapacitySystemInt32', ID = '1220'
Method 'SystemVoidCosmosSystemPlugsSystemThreadingMonitorImplReliableEnterSystemObjectSystemBoolean', ID = '1222'
Method 'SystemVoidSystemCollectionsGenericList1CosmosHALKeyMappingcctor', ID = '1225'
Method 'SystemVoidSystemCollectionsGenericList1CosmosHALKeyMappingset_CapacitySystemInt32', ID = '1226'
Method 'CosmosHALScanMapBaseCosmosHALKeyboardget_KeyLayout', ID = '1227'
Method 'SystemBooleanCosmosHALKeyboardget_ShiftPressed', ID = '1228'
Method 'CosmosHALKeyEventCosmosHALScanMapBaseConvertScanCodeSystemByteSystemBooleanSystemBooleanSystemBooleanSystemBooleanSystemBooleanSystemBoolean', ID = '1229'
Method 'SystemVoidSystemCollectionsGenericQueue1CosmosHALKeyEventEnqueueCosmosHALKeyEvent', ID = '1230'
Method 'SystemVoidCosmosCorePlugsIOPortImplWrite32SystemUInt16SystemUInt32', ID = '1231'
Method 'SystemUInt32CosmosCorePlugsIOPortImplRead32SystemUInt16', ID = '1232'
Method 'SystemVoidCosmosHALKeyEventctor', ID = '1233'
Method 'SystemConsoleModifiersCosmosHALKeyEventget_Modifiers', ID = '1234'
Method 'SystemVoidCosmosHALKeyEventset_ModifiersSystemConsoleModifiers', ID = '1235'
Method 'SystemVoidCosmosHALKeyEventset_TypeCosmosHALKeyEventKeyEventType', ID = '1236'
Method 'SystemInt32SystemCollectionsGenericList1CosmosHALKeyMappingget_Count', ID = '1237'
Method 'CosmosHALKeyMappingSystemCollectionsGenericList1CosmosHALKeyMappingget_ItemSystemInt32', ID = '1238'
Method 'SystemVoidCosmosHALKeyEventset_KeyCharSystemChar', ID = '1239'
Method 'SystemVoidCosmosHALKeyEventset_KeyCosmosHALConsoleKeyEx', ID = '1240'
Method 'SystemVoidSystemCollectionsGenericQueue1CosmosHALKeyEventSetCapacitySystemInt32', ID = '1241'
